  Determining projects to restore...
  All projects are up-to-date for restore.
C:\Users\nishu\Downloads\BitRaserApiProject\BitRaserApiProject\BitRaserApiProject\BitRaserApiProject\Services\DodoPaymentService.cs(1473,38): warning CS8600: Converting null literal or possible null value to non-nullable type. [C:\Users\nishu\Downloads\BitRaserApiProject\BitRaserApiProject\BitRaserApiProject\BitRaserApiProject\BitRaserApiProject.csproj]
C:\Users\nishu\Downloads\BitRaserApiProject\BitRaserApiProject\BitRaserApiProject\BitRaserApiProject\Controllers\GroupManagementController.cs(1141,51): error CS1061: 'SubuserRole' does not contain a definition for 'SubuserEmail' and no accessible extension method 'SubuserEmail' accepting a first argument of type 'SubuserRole' could be found (are you missing a using directive or an assembly reference?) [C:\Users\nishu\Downloads\BitRaserApiProject\BitRaserApiProject\BitRaserApiProject\BitRaserApiProject\BitRaserApiProject.csproj]
C:\Users\nishu\Downloads\BitRaserApiProject\BitRaserApiProject\BitRaserApiProject\BitRaserApiProject\Controllers\GroupManagementController.cs(1147,53): error CS1061: 'Permission' does not contain a definition for 'Name' and no accessible extension method 'Name' accepting a first argument of type 'Permission' could be found (are you missing a using directive or an assembly reference?) [C:\Users\nishu\Downloads\BitRaserApiProject\BitRaserApiProject\BitRaserApiProject\BitRaserApiProject\BitRaserApiProject.csproj]

Build FAILED.

C:\Users\nishu\Downloads\BitRaserApiProject\BitRaserApiProject\BitRaserApiProject\BitRaserApiProject\Services\DodoPaymentService.cs(1473,38): warning CS8600: Converting null literal or possible null value to non-nullable type. [C:\Users\nishu\Downloads\BitRaserApiProject\BitRaserApiProject\BitRaserApiProject\BitRaserApiProject\BitRaserApiProject.csproj]
C:\Users\nishu\Downloads\BitRaserApiProject\BitRaserApiProject\BitRaserApiProject\BitRaserApiProject\Controllers\GroupManagementController.cs(1141,51): error CS1061: 'SubuserRole' does not contain a definition for 'SubuserEmail' and no accessible extension method 'SubuserEmail' accepting a first argument of type 'SubuserRole' could be found (are you missing a using directive or an assembly reference?) [C:\Users\nishu\Downloads\BitRaserApiProject\BitRaserApiProject\BitRaserApiProject\BitRaserApiProject\BitRaserApiProject.csproj]
C:\Users\nishu\Downloads\BitRaserApiProject\BitRaserApiProject\BitRaserApiProject\BitRaserApiProject\Controllers\GroupManagementController.cs(1147,53): error CS1061: 'Permission' does not contain a definition for 'Name' and no accessible extension method 'Name' accepting a first argument of type 'Permission' could be found (are you missing a using directive or an assembly reference?) [C:\Users\nishu\Downloads\BitRaserApiProject\BitRaserApiProject\BitRaserApiProject\BitRaserApiProject\BitRaserApiProject.csproj]
    1 Warning(s)
    2 Error(s)

Time Elapsed 00:00:26.53
